<?xml version="1.0" encoding="UTF-8"?>
<testsuite name="Connect4Test" tests="1" skipped="0" failures="0" errors="0" timestamp="2023-11-16T09:38:19" hostname="UDSWA-DTP511.local" time="32.151">
  <properties/>
  <testcase name="start" classname="Connect4Test" time="32.151"/>
  <system-out><![CDATA[?[1;31m
Start test 1?[0m
?[1;31m
Start test 2?[0m
?[1;31m
Start test 3?[0m
?[1;31m
Start test 4?[0m
?[1;31m
Start test 5?[0m
?[1;31m
Start test 6?[0m
?[1;31m
Start test 7?[0m
?[1;31m
Start test 8?[0m
?[1;31m
Start test 9?[0m
?[1;31m
Start test 10?[0m
?[1;31m
Start test 11?[0m
?[1;31m
Start test 12?[0m
]]></system-out>
  <system-err><![CDATA[?[0;34mException in thread "AWT-EventQueue-0" java.lang.ArrayIndexOutOfBoundsException: Index 7 out of bounds for length 7
?[0m?[0;34m	at four.ConnectFour.checkDirection(ConnectFour.java:126)
?[0m?[0;34m	at four.ConnectFour.checkForWinner(ConnectFour.java:103)
?[0m?[0;34m	at four.ConnectFour$1.actionPerformed(ConnectFour.java:56)
?[0m?[0;34m	at java.desktop/javax.swing.AbstractButton.fireActionPerformed(AbstractButton.java:1972)
?[0m?[0;34m	at java.desktop/javax.swing.AbstractButton$Handler.actionPerformed(AbstractButton.java:2313)
?[0m?[0;34m	at java.desktop/javax.swing.DefaultButtonModel.fireActionPerformed(DefaultButtonModel.java:405)
?[0m?[0;34m	at java.desktop/javax.swing.DefaultButtonModel.setPressed(DefaultButtonModel.java:262)
?[0m?[0;34m	at java.desktop/javax.swing.plaf.basic.BasicButtonListener.mouseReleased(BasicButtonListener.java:279)
?[0m?[0;34m	at java.desktop/java.awt.Component.processMouseEvent(Component.java:6657)
?[0m?[0;34m	at java.desktop/javax.swing.JComponent.processMouseEvent(JComponent.java:3385)
?[0m?[0;34m	at java.desktop/java.awt.Component.processEvent(Component.java:6422)
?[0m?[0;34m	at java.desktop/java.awt.Container.processEvent(Container.java:2266)
?[0m?[0;34m	at java.desktop/java.awt.Component.dispatchEventImpl(Component.java:5027)
?[0m?[0;34m	at java.desktop/java.awt.Container.dispatchEventImpl(Container.java:2324)
?[0m?[0;34m	at java.desktop/java.awt.Component.dispatchEvent(Component.java:4855)
?[0m?[0;34m	at java.desktop/java.awt.LightweightDispatcher.retargetMouseEvent(Container.java:4954)
?[0m?[0;34m	at java.desktop/java.awt.LightweightDispatcher.processMouseEvent(Container.java:4581)
?[0m?[0;34m	at java.desktop/java.awt.LightweightDispatcher.dispatchEvent(Container.java:4522)
?[0m?[0;34m	at java.desktop/java.awt.Container.dispatchEventImpl(Container.java:2310)
?[0m?[0;34m	at java.desktop/java.awt.Window.dispatchEventImpl(Window.java:2808)
?[0m?[0;34m	at java.desktop/java.awt.Component.dispatchEvent(Component.java:4855)
?[0m?[0;34m	at java.desktop/java.awt.EventQueue.dispatchEventImpl(EventQueue.java:794)
?[0m?[0;34m	at java.desktop/java.awt.EventQueue$3.run(EventQueue.java:739)
?[0m?[0;34m	at java.desktop/java.awt.EventQueue$3.run(EventQueue.java:733)
?[0m?[0;34m	at java.base/java.security.AccessController.doPrivileged(AccessController.java:399)
?[0m?[0;34m	at java.base/java.security.ProtectionDomain$JavaSecurityAccessImpl.doIntersectionPrivilege(ProtectionDomain.java:86)
?[0m?[0;34m	at java.base/java.security.ProtectionDomain$JavaSecurityAccessImpl.doIntersectionPrivilege(ProtectionDomain.java:97)
?[0m?[0;34m	at java.desktop/java.awt.EventQueue$4.run(EventQueue.java:766)
?[0m?[0;34m	at java.desktop/java.awt.EventQueue$4.run(EventQueue.java:764)
?[0m?[0;34m	at java.base/java.security.AccessController.doPrivileged(AccessController.java:399)
?[0m?[0;34m	at java.base/java.security.ProtectionDomain$JavaSecurityAccessImpl.doIntersectionPrivilege(ProtectionDomain.java:86)
?[0m?[0;34m	at java.desktop/java.awt.EventQueue.dispatchEvent(EventQueue.java:763)
?[0m?[0;34m	at java.desktop/java.awt.EventDispatchThread.pumpOneEventForFilters(EventDispatchThread.java:207)
?[0m?[0;34m	at java.desktop/java.awt.EventDispatchThread.pumpEventsForFilter(EventDispatchThread.java:128)
?[0m?[0;34m	at java.desktop/java.awt.EventDispatchThread.pumpEventsForHierarchy(EventDispatchThread.java:117)
?[0m?[0;34m	at java.desktop/java.awt.EventDispatchThread.pumpEvents(EventDispatchThread.java:113)
?[0m?[0;34m	at java.desktop/java.awt.EventDispatchThread.pumpEvents(EventDispatchThread.java:105)
?[0m?[0;34m	at java.desktop/java.awt.EventDispatchThread.run(EventDispatchThread.java:92)
?[0m?[0;34mException in thread "AWT-EventQueue-0" java.lang.ArrayIndexOutOfBoundsException: Index 7 out of bounds for length 7
?[0m?[0;34m	at four.ConnectFour.checkDirection(ConnectFour.java:126)
?[0m?[0;34m	at four.ConnectFour.checkForWinner(ConnectFour.java:103)
?[0m?[0;34m	at four.ConnectFour$1.actionPerformed(ConnectFour.java:59)
?[0m?[0;34m	at java.desktop/javax.swing.AbstractButton.fireActionPerformed(AbstractButton.java:1972)
?[0m?[0;34m	at java.desktop/javax.swing.AbstractButton$Handler.actionPerformed(AbstractButton.java:2313)
?[0m?[0;34m	at java.desktop/javax.swing.DefaultButtonModel.fireActionPerformed(DefaultButtonModel.java:405)
?[0m?[0;34m	at java.desktop/javax.swing.DefaultButtonModel.setPressed(DefaultButtonModel.java:262)
?[0m?[0;34m	at java.desktop/javax.swing.plaf.basic.BasicButtonListener.mouseReleased(BasicButtonListener.java:279)
?[0m?[0;34m	at java.desktop/java.awt.Component.processMouseEvent(Component.java:6657)
?[0m?[0;34m	at java.desktop/javax.swing.JComponent.processMouseEvent(JComponent.java:3385)
?[0m?[0;34m	at java.desktop/java.awt.Component.processEvent(Component.java:6422)
?[0m?[0;34m	at java.desktop/java.awt.Container.processEvent(Container.java:2266)
?[0m?[0;34m	at java.desktop/java.awt.Component.dispatchEventImpl(Component.java:5027)
?[0m?[0;34m	at java.desktop/java.awt.Container.dispatchEventImpl(Container.java:2324)
?[0m?[0;34m	at java.desktop/java.awt.Component.dispatchEvent(Component.java:4855)
?[0m?[0;34m	at java.desktop/java.awt.LightweightDispatcher.retargetMouseEvent(Container.java:4954)
?[0m?[0;34m	at java.desktop/java.awt.LightweightDispatcher.processMouseEvent(Container.java:4581)
?[0m?[0;34m	at java.desktop/java.awt.LightweightDispatcher.dispatchEvent(Container.java:4522)
?[0m?[0;34m	at java.desktop/java.awt.Container.dispatchEventImpl(Container.java:2310)
?[0m?[0;34m	at java.desktop/java.awt.Window.dispatchEventImpl(Window.java:2808)
?[0m?[0;34m	at java.desktop/java.awt.Component.dispatchEvent(Component.java:4855)
?[0m?[0;34m	at java.desktop/java.awt.EventQueue.dispatchEventImpl(EventQueue.java:794)
?[0m?[0;34m	at java.desktop/java.awt.EventQueue$3.run(EventQueue.java:739)
?[0m?[0;34m	at java.desktop/java.awt.EventQueue$3.run(EventQueue.java:733)
?[0m?[0;34m	at java.base/java.security.AccessController.doPrivileged(AccessController.java:399)
?[0m?[0;34m	at java.base/java.security.ProtectionDomain$JavaSecurityAccessImpl.doIntersectionPrivilege(ProtectionDomain.java:86)
?[0m?[0;34m	at java.base/java.security.ProtectionDomain$JavaSecurityAccessImpl.doIntersectionPrivilege(ProtectionDomain.java:97)
?[0m?[0;34m	at java.desktop/java.awt.EventQueue$4.run(EventQueue.java:766)
?[0m?[0;34m	at java.desktop/java.awt.EventQueue$4.run(EventQueue.java:764)
?[0m?[0;34m	at java.base/java.security.AccessController.doPrivileged(AccessController.java:399)
?[0m?[0;34m	at java.base/java.security.ProtectionDomain$JavaSecurityAccessImpl.doIntersectionPrivilege(ProtectionDomain.java:86)
?[0m?[0;34m	at java.desktop/java.awt.EventQueue.dispatchEvent(EventQueue.java:763)
?[0m?[0;34m	at java.desktop/java.awt.EventDispatchThread.pumpOneEventForFilters(EventDispatchThread.java:207)
?[0m?[0;34m	at java.desktop/java.awt.EventDispatchThread.pumpEventsForFilter(EventDispatchThread.java:128)
?[0m?[0;34m	at java.desktop/java.awt.EventDispatchThread.pumpEventsForHierarchy(EventDispatchThread.java:117)
?[0m?[0;34m	at java.desktop/java.awt.EventDispatchThread.pumpEvents(EventDispatchThread.java:113)
?[0m?[0;34m	at java.desktop/java.awt.EventDispatchThread.pumpEvents(EventDispatchThread.java:105)
?[0m?[0;34m	at java.desktop/java.awt.EventDispatchThread.run(EventDispatchThread.java:92)
?[0m?[0;34mException in thread "AWT-EventQueue-0" java.lang.ArrayIndexOutOfBoundsException: Index 6 out of bounds for length 6
?[0m?[0;34m	at four.ConnectFour.checkDirection(ConnectFour.java:126)
?[0m?[0;34m	at four.ConnectFour.checkForWinner(ConnectFour.java:104)
?[0m?[0;34m	at four.ConnectFour$1.actionPerformed(ConnectFour.java:56)
?[0m?[0;34m	at java.desktop/javax.swing.AbstractButton.fireActionPerformed(AbstractButton.java:1972)
?[0m?[0;34m	at java.desktop/javax.swing.AbstractButton$Handler.actionPerformed(AbstractButton.java:2313)
?[0m?[0;34m	at java.desktop/javax.swing.DefaultButtonModel.fireActionPerformed(DefaultButtonModel.java:405)
?[0m?[0;34m	at java.desktop/javax.swing.DefaultButtonModel.setPressed(DefaultButtonModel.java:262)
?[0m?[0;34m	at java.desktop/javax.swing.plaf.basic.BasicButtonListener.mouseReleased(BasicButtonListener.java:279)
?[0m?[0;34m	at java.desktop/java.awt.Component.processMouseEvent(Component.java:6657)
?[0m?[0;34m	at java.desktop/javax.swing.JComponent.processMouseEvent(JComponent.java:3385)
?[0m?[0;34m	at java.desktop/java.awt.Component.processEvent(Component.java:6422)
?[0m?[0;34m	at java.desktop/java.awt.Container.processEvent(Container.java:2266)
?[0m?[0;34m	at java.desktop/java.awt.Component.dispatchEventImpl(Component.java:5027)
?[0m?[0;34m	at java.desktop/java.awt.Container.dispatchEventImpl(Container.java:2324)
?[0m?[0;34m	at java.desktop/java.awt.Component.dispatchEvent(Component.java:4855)
?[0m?[0;34m	at java.desktop/java.awt.LightweightDispatcher.retargetMouseEvent(Container.java:4954)
?[0m?[0;34m	at java.desktop/java.awt.LightweightDispatcher.processMouseEvent(Container.java:4581)
?[0m?[0;34m	at java.desktop/java.awt.LightweightDispatcher.dispatchEvent(Container.java:4522)
?[0m?[0;34m	at java.desktop/java.awt.Container.dispatchEventImpl(Container.java:2310)
?[0m?[0;34m	at java.desktop/java.awt.Window.dispatchEventImpl(Window.java:2808)
?[0m?[0;34m	at java.desktop/java.awt.Component.dispatchEvent(Component.java:4855)
?[0m?[0;34m	at java.desktop/java.awt.EventQueue.dispatchEventImpl(EventQueue.java:794)
?[0m?[0;34m	at java.desktop/java.awt.EventQueue$3.run(EventQueue.java:739)
?[0m?[0;34m	at java.desktop/java.awt.EventQueue$3.run(EventQueue.java:733)
?[0m?[0;34m	at java.base/java.security.AccessController.doPrivileged(AccessController.java:399)
?[0m?[0;34m	at java.base/java.security.ProtectionDomain$JavaSecurityAccessImpl.doIntersectionPrivilege(ProtectionDomain.java:86)
?[0m?[0;34m	at java.base/java.security.ProtectionDomain$JavaSecurityAccessImpl.doIntersectionPrivilege(ProtectionDomain.java:97)
?[0m?[0;34m	at java.desktop/java.awt.EventQueue$4.run(EventQueue.java:766)
?[0m?[0;34m	at java.desktop/java.awt.EventQueue$4.run(EventQueue.java:764)
?[0m?[0;34m	at java.base/java.security.AccessController.doPrivileged(AccessController.java:399)
?[0m?[0;34m	at java.base/java.security.ProtectionDomain$JavaSecurityAccessImpl.doIntersectionPrivilege(ProtectionDomain.java:86)
?[0m?[0;34m	at java.desktop/java.awt.EventQueue.dispatchEvent(EventQueue.java:763)
?[0m?[0;34m	at java.desktop/java.awt.EventDispatchThread.pumpOneEventForFilters(EventDispatchThread.java:207)
?[0m?[0;34m	at java.desktop/java.awt.EventDispatchThread.pumpEventsForFilter(EventDispatchThread.java:128)
?[0m?[0;34m	at java.desktop/java.awt.EventDispatchThread.pumpEventsForHierarchy(EventDispatchThread.java:117)
?[0m?[0;34m	at java.desktop/java.awt.EventDispatchThread.pumpEvents(EventDispatchThread.java:113)
?[0m?[0;34m	at java.desktop/java.awt.EventDispatchThread.pumpEvents(EventDispatchThread.java:105)
?[0m?[0;34m	at java.desktop/java.awt.EventDispatchThread.run(EventDispatchThread.java:92)
?[0m?[0;34mException in thread "AWT-EventQueue-0" java.lang.ArrayIndexOutOfBoundsException: Index 6 out of bounds for length 6
?[0m?[0;34m	at four.ConnectFour.checkDirection(ConnectFour.java:126)
?[0m?[0;34m	at four.ConnectFour.checkForWinner(ConnectFour.java:104)
?[0m?[0;34m	at four.ConnectFour$1.actionPerformed(ConnectFour.java:59)
?[0m?[0;34m	at java.desktop/javax.swing.AbstractButton.fireActionPerformed(AbstractButton.java:1972)
?[0m?[0;34m	at java.desktop/javax.swing.AbstractButton$Handler.actionPerformed(AbstractButton.java:2313)
?[0m?[0;34m	at java.desktop/javax.swing.DefaultButtonModel.fireActionPerformed(DefaultButtonModel.java:405)
?[0m?[0;34m	at java.desktop/javax.swing.DefaultButtonModel.setPressed(DefaultButtonModel.java:262)
?[0m?[0;34m	at java.desktop/javax.swing.plaf.basic.BasicButtonListener.mouseReleased(BasicButtonListener.java:279)
?[0m?[0;34m	at java.desktop/java.awt.Component.processMouseEvent(Component.java:6657)
?[0m?[0;34m	at java.desktop/javax.swing.JComponent.processMouseEvent(JComponent.java:3385)
?[0m?[0;34m	at java.desktop/java.awt.Component.processEvent(Component.java:6422)
?[0m?[0;34m	at java.desktop/java.awt.Container.processEvent(Container.java:2266)
?[0m?[0;34m	at java.desktop/java.awt.Component.dispatchEventImpl(Component.java:5027)
?[0m?[0;34m	at java.desktop/java.awt.Container.dispatchEventImpl(Container.java:2324)
?[0m?[0;34m	at java.desktop/java.awt.Component.dispatchEvent(Component.java:4855)
?[0m?[0;34m	at java.desktop/java.awt.LightweightDispatcher.retargetMouseEvent(Container.java:4954)
?[0m?[0;34m	at java.desktop/java.awt.LightweightDispatcher.processMouseEvent(Container.java:4581)
?[0m?[0;34m	at java.desktop/java.awt.LightweightDispatcher.dispatchEvent(Container.java:4522)
?[0m?[0;34m	at java.desktop/java.awt.Container.dispatchEventImpl(Container.java:2310)
?[0m?[0;34m	at java.desktop/java.awt.Window.dispatchEventImpl(Window.java:2808)
?[0m?[0;34m	at java.desktop/java.awt.Component.dispatchEvent(Component.java:4855)
?[0m?[0;34m	at java.desktop/java.awt.EventQueue.dispatchEventImpl(EventQueue.java:794)
?[0m?[0;34m	at java.desktop/java.awt.EventQueue$3.run(EventQueue.java:739)
?[0m?[0;34m	at java.desktop/java.awt.EventQueue$3.run(EventQueue.java:733)
?[0m?[0;34m	at java.base/java.security.AccessController.doPrivileged(AccessController.java:399)
?[0m?[0;34m	at java.base/java.security.ProtectionDomain$JavaSecurityAccessImpl.doIntersectionPrivilege(ProtectionDomain.java:86)
?[0m?[0;34m	at java.base/java.security.ProtectionDomain$JavaSecurityAccessImpl.doIntersectionPrivilege(ProtectionDomain.java:97)
?[0m?[0;34m	at java.desktop/java.awt.EventQueue$4.run(EventQueue.java:766)
?[0m?[0;34m	at java.desktop/java.awt.EventQueue$4.run(EventQueue.java:764)
?[0m?[0;34m	at java.base/java.security.AccessController.doPrivileged(AccessController.java:399)
?[0m?[0;34m	at java.base/java.security.ProtectionDomain$JavaSecurityAccessImpl.doIntersectionPrivilege(ProtectionDomain.java:86)
?[0m?[0;34m	at java.desktop/java.awt.EventQueue.dispatchEvent(EventQueue.java:763)
?[0m?[0;34m	at java.desktop/java.awt.EventDispatchThread.pumpOneEventForFilters(EventDispatchThread.java:207)
?[0m?[0;34m	at java.desktop/java.awt.EventDispatchThread.pumpEventsForFilter(EventDispatchThread.java:128)
?[0m?[0;34m	at java.desktop/java.awt.EventDispatchThread.pumpEventsForHierarchy(EventDispatchThread.java:117)
?[0m?[0;34m	at java.desktop/java.awt.EventDispatchThread.pumpEvents(EventDispatchThread.java:113)
?[0m?[0;34m	at java.desktop/java.awt.EventDispatchThread.pumpEvents(EventDispatchThread.java:105)
?[0m?[0;34m	at java.desktop/java.awt.EventDispatchThread.run(EventDispatchThread.java:92)
?[0m?[0;34mException in thread "AWT-EventQueue-0" java.lang.ArrayIndexOutOfBoundsException: Index 7 out of bounds for length 7
?[0m?[0;34m	at four.ConnectFour.checkDirection(ConnectFour.java:126)
?[0m?[0;34m	at four.ConnectFour.checkForWinner(ConnectFour.java:105)
?[0m?[0;34m	at four.ConnectFour$1.actionPerformed(ConnectFour.java:56)
?[0m?[0;34m	at java.desktop/javax.swing.AbstractButton.fireActionPerformed(AbstractButton.java:1972)
?[0m?[0;34m	at java.desktop/javax.swing.AbstractButton$Handler.actionPerformed(AbstractButton.java:2313)
?[0m?[0;34m	at java.desktop/javax.swing.DefaultButtonModel.fireActionPerformed(DefaultButtonModel.java:405)
?[0m?[0;34m	at java.desktop/javax.swing.DefaultButtonModel.setPressed(DefaultButtonModel.java:262)
?[0m?[0;34m	at java.desktop/javax.swing.plaf.basic.BasicButtonListener.mouseReleased(BasicButtonListener.java:279)
?[0m?[0;34m	at java.desktop/java.awt.Component.processMouseEvent(Component.java:6657)
?[0m?[0;34m	at java.desktop/javax.swing.JComponent.processMouseEvent(JComponent.java:3385)
?[0m?[0;34m	at java.desktop/java.awt.Component.processEvent(Component.java:6422)
?[0m?[0;34m	at java.desktop/java.awt.Container.processEvent(Container.java:2266)
?[0m?[0;34m	at java.desktop/java.awt.Component.dispatchEventImpl(Component.java:5027)
?[0m?[0;34m	at java.desktop/java.awt.Container.dispatchEventImpl(Container.java:2324)
?[0m?[0;34m	at java.desktop/java.awt.Component.dispatchEvent(Component.java:4855)
?[0m?[0;34m	at java.desktop/java.awt.LightweightDispatcher.retargetMouseEvent(Container.java:4954)
?[0m?[0;34m	at java.desktop/java.awt.LightweightDispatcher.processMouseEvent(Container.java:4581)
?[0m?[0;34m	at java.desktop/java.awt.LightweightDispatcher.dispatchEvent(Container.java:4522)
?[0m?[0;34m	at java.desktop/java.awt.Container.dispatchEventImpl(Container.java:2310)
?[0m?[0;34m	at java.desktop/java.awt.Window.dispatchEventImpl(Window.java:2808)
?[0m?[0;34m	at java.desktop/java.awt.Component.dispatchEvent(Component.java:4855)
?[0m?[0;34m	at java.desktop/java.awt.EventQueue.dispatchEventImpl(EventQueue.java:794)
?[0m?[0;34m	at java.desktop/java.awt.EventQueue$3.run(EventQueue.java:739)
?[0m?[0;34m	at java.desktop/java.awt.EventQueue$3.run(EventQueue.java:733)
?[0m?[0;34m	at java.base/java.security.AccessController.doPrivileged(AccessController.java:399)
?[0m?[0;34m	at java.base/java.security.ProtectionDomain$JavaSecurityAccessImpl.doIntersectionPrivilege(ProtectionDomain.java:86)
?[0m?[0;34m	at java.base/java.security.ProtectionDomain$JavaSecurityAccessImpl.doIntersectionPrivilege(ProtectionDomain.java:97)
?[0m?[0;34m	at java.desktop/java.awt.EventQueue$4.run(EventQueue.java:766)
?[0m?[0;34m	at java.desktop/java.awt.EventQueue$4.run(EventQueue.java:764)
?[0m?[0;34m	at java.base/java.security.AccessController.doPrivileged(AccessController.java:399)
?[0m?[0;34m	at java.base/java.security.ProtectionDomain$JavaSecurityAccessImpl.doIntersectionPrivilege(ProtectionDomain.java:86)
?[0m?[0;34m	at java.desktop/java.awt.EventQueue.dispatchEvent(EventQueue.java:763)
?[0m?[0;34m	at java.desktop/java.awt.EventDispatchThread.pumpOneEventForFilters(EventDispatchThread.java:207)
?[0m?[0;34m	at java.desktop/java.awt.EventDispatchThread.pumpEventsForFilter(EventDispatchThread.java:128)
?[0m?[0;34m	at java.desktop/java.awt.EventDispatchThread.pumpEventsForHierarchy(EventDispatchThread.java:117)
?[0m?[0;34m	at java.desktop/java.awt.EventDispatchThread.pumpEvents(EventDispatchThread.java:113)
?[0m?[0;34m	at java.desktop/java.awt.EventDispatchThread.pumpEvents(EventDispatchThread.java:105)
?[0m?[0;34m	at java.desktop/java.awt.EventDispatchThread.run(EventDispatchThread.java:92)
?[0m?[0;34mException in thread "AWT-EventQueue-0" java.lang.ArrayIndexOutOfBoundsException: Index 6 out of bounds for length 6
?[0m?[0;34m	at four.ConnectFour.checkDirection(ConnectFour.java:126)
?[0m?[0;34m	at four.ConnectFour.checkForWinner(ConnectFour.java:106)
?[0m?[0;34m	at four.ConnectFour$1.actionPerformed(ConnectFour.java:59)
?[0m?[0;34m	at java.desktop/javax.swing.AbstractButton.fireActionPerformed(AbstractButton.java:1972)
?[0m?[0;34m	at java.desktop/javax.swing.AbstractButton$Handler.actionPerformed(AbstractButton.java:2313)
?[0m?[0;34m	at java.desktop/javax.swing.DefaultButtonModel.fireActionPerformed(DefaultButtonModel.java:405)
?[0m?[0;34m	at java.desktop/javax.swing.DefaultButtonModel.setPressed(DefaultButtonModel.java:262)
?[0m?[0;34m	at java.desktop/javax.swing.plaf.basic.BasicButtonListener.mouseReleased(BasicButtonListener.java:279)
?[0m?[0;34m	at java.desktop/java.awt.Component.processMouseEvent(Component.java:6657)
?[0m?[0;34m	at java.desktop/javax.swing.JComponent.processMouseEvent(JComponent.java:3385)
?[0m?[0;34m	at java.desktop/java.awt.Component.processEvent(Component.java:6422)
?[0m?[0;34m	at java.desktop/java.awt.Container.processEvent(Container.java:2266)
?[0m?[0;34m	at java.desktop/java.awt.Component.dispatchEventImpl(Component.java:5027)
?[0m?[0;34m	at java.desktop/java.awt.Container.dispatchEventImpl(Container.java:2324)
?[0m?[0;34m	at java.desktop/java.awt.Component.dispatchEvent(Component.java:4855)
?[0m?[0;34m	at java.desktop/java.awt.LightweightDispatcher.retargetMouseEvent(Container.java:4954)
?[0m?[0;34m	at java.desktop/java.awt.LightweightDispatcher.processMouseEvent(Container.java:4581)
?[0m?[0;34m	at java.desktop/java.awt.LightweightDispatcher.dispatchEvent(Container.java:4522)
?[0m?[0;34m	at java.desktop/java.awt.Container.dispatchEventImpl(Container.java:2310)
?[0m?[0;34m	at java.desktop/java.awt.Window.dispatchEventImpl(Window.java:2808)
?[0m?[0;34m	at java.desktop/java.awt.Component.dispatchEvent(Component.java:4855)
?[0m?[0;34m	at java.desktop/java.awt.EventQueue.dispatchEventImpl(EventQueue.java:794)
?[0m?[0;34m	at java.desktop/java.awt.EventQueue$3.run(EventQueue.java:739)
?[0m?[0;34m	at java.desktop/java.awt.EventQueue$3.run(EventQueue.java:733)
?[0m?[0;34m	at java.base/java.security.AccessController.doPrivileged(AccessController.java:399)
?[0m?[0;34m	at java.base/java.security.ProtectionDomain$JavaSecurityAccessImpl.doIntersectionPrivilege(ProtectionDomain.java:86)
?[0m?[0;34m	at java.base/java.security.ProtectionDomain$JavaSecurityAccessImpl.doIntersectionPrivilege(ProtectionDomain.java:97)
?[0m?[0;34m	at java.desktop/java.awt.EventQueue$4.run(EventQueue.java:766)
?[0m?[0;34m	at java.desktop/java.awt.EventQueue$4.run(EventQueue.java:764)
?[0m?[0;34m	at java.base/java.security.AccessController.doPrivileged(AccessController.java:399)
?[0m?[0;34m	at java.base/java.security.ProtectionDomain$JavaSecurityAccessImpl.doIntersectionPrivilege(ProtectionDomain.java:86)
?[0m?[0;34m	at java.desktop/java.awt.EventQueue.dispatchEvent(EventQueue.java:763)
?[0m?[0;34m	at java.desktop/java.awt.EventDispatchThread.pumpOneEventForFilters(EventDispatchThread.java:207)
?[0m?[0;34m	at java.desktop/java.awt.EventDispatchThread.pumpEventsForFilter(EventDispatchThread.java:128)
?[0m?[0;34m	at java.desktop/java.awt.EventDispatchThread.pumpEventsForHierarchy(EventDispatchThread.java:117)
?[0m?[0;34m	at java.desktop/java.awt.EventDispatchThread.pumpEvents(EventDispatchThread.java:113)
?[0m?[0;34m	at java.desktop/java.awt.EventDispatchThread.pumpEvents(EventDispatchThread.java:105)
?[0m?[0;34m	at java.desktop/java.awt.EventDispatchThread.run(EventDispatchThread.java:92)
]]></system-err>
</testsuite>
